{"total": {"lines":{"total":276,"covered":276,"skipped":0,"pct":100},"statements":{"total":292,"covered":292,"skipped":0,"pct":100},"functions":{"total":49,"covered":49,"skipped":0,"pct":100},"branches":{"total":99,"covered":99,"skipped":0,"pct":100}}
,"C:\\Users\\karin\\WebstormProjects\\karinmishor-sqe-workshop-2018-exercise-3\\src\\js\\CFG.js": {"lines":{"total":73,"covered":73,"skipped":0,"pct":100},"functions":{"total":17,"covered":17,"skipped":0,"pct":100},"statements":{"total":75,"covered":75,"skipped":0,"pct":100},"branches":{"total":27,"covered":27,"skipped":0,"pct":100}}
,"C:\\Users\\karin\\WebstormProjects\\karinmishor-sqe-workshop-2018-exercise-3\\src\\js\\code-analyzer.js": {"lines":{"total":203,"covered":203,"skipped":0,"pct":100},"functions":{"total":32,"covered":32,"skipped":0,"pct":100},"statements":{"total":217,"covered":217,"skipped":0,"pct":100},"branches":{"total":72,"covered":72,"skipped":0,"pct":100}}
}
